

Version:	3.50
CmdLine:	C:\Users\J.P.M\Desktop\SGMDA_v1_Software\SGMDA.exe --l4j-debug
JNI:		No
WOW64:		Yes
Working dir:	C:\Users\J.P.M\Desktop\SGMDA_v1_Software\.
Requires JDK:	No
Requires 64-Bit: No
Java min ver:	1.021.000_004
Java max ver:	
Substitute:	JAVA_HOME = 
Substitute:	PATH = C:\Program Files\Common Files\Oracle\Java\javapath;C:\Program Files (x86)\Common Files\Oracle\Java\java8path;C:\Program Files (x86)\Common Files\Oracle\Java\javapath;C:\Windows\system32;C:\Windows;C:\PROGRAM FILES (X86)\EXEFILES;C:\USERS\J.P.M\DESKTOP\EXEFILES;C:\GENIE2K\EXEFILES;C:\Windows\System32\Wbem;C:\Windows\System32\WindowsPowerShell\v1.0\;C:\Windows\System32\OpenSSH\;C:\Program Files\Git\cmd;C:\Program Files\dotnet\;C:\Users\J.P.M\AppData\Local\Microsoft\WindowsApps;C:\Users\J.P.M\.dotnet\tools;C:\Program Files\Java\jdk-21\bin;;C:\Program Files\Java\jdk-21\bin
JRE paths:	;C:\Program Files\Common Files\Oracle\Java\javapath;C:\Program Files (x86)\Common Files\Oracle\Java\java8path;C:\Program Files (x86)\Common Files\Oracle\Java\javapath;C:\Windows\system32;C:\Windows;C:\PROGRAM FILES (X86)\EXEFILES;C:\USERS\J.P.M\DESKTOP\EXEFILES;C:\GENIE2K\EXEFILES;C:\Windows\System32\Wbem;C:\Windows\System32\WindowsPowerShell\v1.0\;C:\Windows\System32\OpenSSH\;C:\Program Files\Git\cmd;C:\Program Files\dotnet\;C:\Users\J.P.M\AppData\Local\Microsoft\WindowsApps;C:\Users\J.P.M\.dotnet\tools;C:\Program Files\Java\jdk-21\bin;;C:\Program Files\Java\jdk-21\bin
Check launcher:	C:\Program Files\Common Files\Oracle\Java\javapath\bin\javaw.exe (not found)
Check launcher:	C:\Program Files (x86)\Common Files\Oracle\Java\java8path\bin\javaw.exe (not found)
Check launcher:	C:\Program Files (x86)\Common Files\Oracle\Java\javapath\bin\javaw.exe (not found)
Check launcher:	C:\Windows\system32\bin\javaw.exe (not found)
Check launcher:	C:\Windows\bin\javaw.exe (not found)
Check launcher:	C:\PROGRAM FILES (X86)\EXEFILES\bin\javaw.exe (not found)
Check launcher:	C:\USERS\J.P.M\DESKTOP\EXEFILES\bin\javaw.exe (not found)
Check launcher:	C:\GENIE2K\EXEFILES\bin\javaw.exe (not found)
Check launcher:	C:\Windows\System32\Wbem\bin\javaw.exe (not found)
Check launcher:	C:\Windows\System32\WindowsPowerShell\v1.0\bin\javaw.exe (not found)
Check launcher:	C:\Windows\System32\OpenSSH\bin\javaw.exe (not found)
Check launcher:	C:\Program Files\Git\cmd\bin\javaw.exe (not found)
Check launcher:	C:\Program Files\dotnet\bin\javaw.exe (not found)
Check launcher:	C:\Users\J.P.M\AppData\Local\Microsoft\WindowsApps\bin\javaw.exe (not found)
Check launcher:	C:\Users\J.P.M\.dotnet\tools\bin\javaw.exe (not found)
Check launcher:	C:\Program Files\Java\jdk-21\bin\javaw.exe (OK)
Version string: 1.021.000_004 / 64-Bit (OK)
Launcher:	C:\Program Files\Java\jdk-21\bin\javaw.exe
Launcher args:	-jar "C:\Users\J.P.M\Desktop\SGMDA_v1_Software\SGMDA.exe"
Args length:	57/32768 chars
Exit code:	0


Version:	3.50
CmdLine:	C:\Users\J.P.M\Desktop\SGMDA_v1_Software\SGMDA.exe --l4j-debug
JNI:		No
WOW64:		Yes
Working dir:	C:\Users\J.P.M\Desktop\SGMDA_v1_Software\.
Requires JDK:	No
Requires 64-Bit: No
Java min ver:	1.021.000_004
Java max ver:	
Substitute:	JAVA_HOME = 
Substitute:	PATH = C:\Program Files\Common Files\Oracle\Java\javapath;C:\Program Files (x86)\Common Files\Oracle\Java\java8path;C:\Program Files (x86)\Common Files\Oracle\Java\javapath;C:\Windows\system32;C:\Windows;C:\PROGRAM FILES (X86)\EXEFILES;C:\USERS\J.P.M\DESKTOP\EXEFILES;C:\GENIE2K\EXEFILES;C:\Windows\System32\Wbem;C:\Windows\System32\WindowsPowerShell\v1.0\;C:\Windows\System32\OpenSSH\;C:\Program Files\Git\cmd;C:\Program Files\dotnet\;C:\Users\J.P.M\AppData\Local\Microsoft\WindowsApps;C:\Users\J.P.M\.dotnet\tools;C:\Program Files\Java\jdk-21\bin;;C:\Program Files\Java\jdk-21\bin
JRE paths:	;C:\Program Files\Common Files\Oracle\Java\javapath;C:\Program Files (x86)\Common Files\Oracle\Java\java8path;C:\Program Files (x86)\Common Files\Oracle\Java\javapath;C:\Windows\system32;C:\Windows;C:\PROGRAM FILES (X86)\EXEFILES;C:\USERS\J.P.M\DESKTOP\EXEFILES;C:\GENIE2K\EXEFILES;C:\Windows\System32\Wbem;C:\Windows\System32\WindowsPowerShell\v1.0\;C:\Windows\System32\OpenSSH\;C:\Program Files\Git\cmd;C:\Program Files\dotnet\;C:\Users\J.P.M\AppData\Local\Microsoft\WindowsApps;C:\Users\J.P.M\.dotnet\tools;C:\Program Files\Java\jdk-21\bin;;C:\Program Files\Java\jdk-21\bin
Check launcher:	C:\Program Files\Common Files\Oracle\Java\javapath\bin\javaw.exe (not found)
Check launcher:	C:\Program Files (x86)\Common Files\Oracle\Java\java8path\bin\javaw.exe (not found)
Check launcher:	C:\Program Files (x86)\Common Files\Oracle\Java\javapath\bin\javaw.exe (not found)
Check launcher:	C:\Windows\system32\bin\javaw.exe (not found)
Check launcher:	C:\Windows\bin\javaw.exe (not found)
Check launcher:	C:\PROGRAM FILES (X86)\EXEFILES\bin\javaw.exe (not found)
Check launcher:	C:\USERS\J.P.M\DESKTOP\EXEFILES\bin\javaw.exe (not found)
Check launcher:	C:\GENIE2K\EXEFILES\bin\javaw.exe (not found)
Check launcher:	C:\Windows\System32\Wbem\bin\javaw.exe (not found)
Check launcher:	C:\Windows\System32\WindowsPowerShell\v1.0\bin\javaw.exe (not found)
Check launcher:	C:\Windows\System32\OpenSSH\bin\javaw.exe (not found)
Check launcher:	C:\Program Files\Git\cmd\bin\javaw.exe (not found)
Check launcher:	C:\Program Files\dotnet\bin\javaw.exe (not found)
Check launcher:	C:\Users\J.P.M\AppData\Local\Microsoft\WindowsApps\bin\javaw.exe (not found)
Check launcher:	C:\Users\J.P.M\.dotnet\tools\bin\javaw.exe (not found)
Check launcher:	C:\Program Files\Java\jdk-21\bin\javaw.exe (OK)
Version string: 1.021.000_004 / 64-Bit (OK)
Launcher:	C:\Program Files\Java\jdk-21\bin\javaw.exe
Launcher args:	-jar "C:\Users\J.P.M\Desktop\SGMDA_v1_Software\SGMDA.exe"
Args length:	57/32768 chars
Exit code:	0


Version:	3.50
CmdLine:	C:\Users\J.P.M\Desktop\SGMDA_v1_Software\SGMDA.exe --l4j-debug
JNI:		No
WOW64:		Yes
Working dir:	C:\Users\J.P.M\Desktop\SGMDA_v1_Software\.
Requires JDK:	No
Requires 64-Bit: No
Java min ver:	1.021.000_004
Java max ver:	
Substitute:	JAVA_HOME = 
Substitute:	PATH = C:\Program Files\Common Files\Oracle\Java\javapath;C:\Program Files (x86)\Common Files\Oracle\Java\java8path;C:\Program Files (x86)\Common Files\Oracle\Java\javapath;C:\Windows\system32;C:\Windows;C:\PROGRAM FILES (X86)\EXEFILES;C:\USERS\J.P.M\DESKTOP\EXEFILES;C:\GENIE2K\EXEFILES;C:\Windows\System32\Wbem;C:\Windows\System32\WindowsPowerShell\v1.0\;C:\Windows\System32\OpenSSH\;C:\Program Files\Git\cmd;C:\Program Files\dotnet\;C:\Users\J.P.M\AppData\Local\Microsoft\WindowsApps;C:\Users\J.P.M\.dotnet\tools;C:\Program Files\Java\jdk-21\bin;;C:\Program Files\Java\jdk-21\bin
JRE paths:	;C:\Program Files\Common Files\Oracle\Java\javapath;C:\Program Files (x86)\Common Files\Oracle\Java\java8path;C:\Program Files (x86)\Common Files\Oracle\Java\javapath;C:\Windows\system32;C:\Windows;C:\PROGRAM FILES (X86)\EXEFILES;C:\USERS\J.P.M\DESKTOP\EXEFILES;C:\GENIE2K\EXEFILES;C:\Windows\System32\Wbem;C:\Windows\System32\WindowsPowerShell\v1.0\;C:\Windows\System32\OpenSSH\;C:\Program Files\Git\cmd;C:\Program Files\dotnet\;C:\Users\J.P.M\AppData\Local\Microsoft\WindowsApps;C:\Users\J.P.M\.dotnet\tools;C:\Program Files\Java\jdk-21\bin;;C:\Program Files\Java\jdk-21\bin
Check launcher:	C:\Program Files\Common Files\Oracle\Java\javapath\bin\javaw.exe (not found)
Check launcher:	C:\Program Files (x86)\Common Files\Oracle\Java\java8path\bin\javaw.exe (not found)
Check launcher:	C:\Program Files (x86)\Common Files\Oracle\Java\javapath\bin\javaw.exe (not found)
Check launcher:	C:\Windows\system32\bin\javaw.exe (not found)
Check launcher:	C:\Windows\bin\javaw.exe (not found)
Check launcher:	C:\PROGRAM FILES (X86)\EXEFILES\bin\javaw.exe (not found)
Check launcher:	C:\USERS\J.P.M\DESKTOP\EXEFILES\bin\javaw.exe (not found)
Check launcher:	C:\GENIE2K\EXEFILES\bin\javaw.exe (not found)
Check launcher:	C:\Windows\System32\Wbem\bin\javaw.exe (not found)
Check launcher:	C:\Windows\System32\WindowsPowerShell\v1.0\bin\javaw.exe (not found)
Check launcher:	C:\Windows\System32\OpenSSH\bin\javaw.exe (not found)
Check launcher:	C:\Program Files\Git\cmd\bin\javaw.exe (not found)
Check launcher:	C:\Program Files\dotnet\bin\javaw.exe (not found)
Check launcher:	C:\Users\J.P.M\AppData\Local\Microsoft\WindowsApps\bin\javaw.exe (not found)
Check launcher:	C:\Users\J.P.M\.dotnet\tools\bin\javaw.exe (not found)
Check launcher:	C:\Program Files\Java\jdk-21\bin\javaw.exe (OK)
Version string: 1.021.000_004 / 64-Bit (OK)
Launcher:	C:\Program Files\Java\jdk-21\bin\javaw.exe
Launcher args:	--module-path "libs\javafx-sdk-21.0.2\lib" --add-modules javafx.controls,javafx.fxml,javafx.swing --add-exports javafx.graphics/com.sun.javafx.embed=ALL-UNNAMED --add-exports javafx.graphics/com.sun.javafx.scene=ALL-UNNAMED --add-exports javafx.graphics/com.sun.javafx.stage=ALL-UNNAMED --add-exports javafx.base/com.sun.javafx.logging=ALL-UNNAMED -jar "C:\Users\J.P.M\Desktop\SGMDA_v1_Software\SGMDA.exe"
Args length:	405/32768 chars
Exit code:	0
